<?xml version="1.0" encoding="UTF-8"?>
<robot generator="Robot 5.0.1 (Python 3.9.13 on win32)" generated="20220712 19:07:50.256" rpa="false" schemaversion="3">
<suite id="s1" name="VX" source="C:\Users\leaov\OneDrive\Documents\Portfolio\testing\VX-test\VX.robot">
<test id="s1-t1" name="Validação das informações em &quot;Quem Somos&quot;" line="8">
<kw name="Abrir o site da VX Comunicação" library="VX" type="SETUP">
<kw name="Open Browser" library="SeleniumLibrary">
<arg>${SITE}</arg>
<arg>${NAVEGADOR}</arg>
<doc>Opens a new browser instance to the optional ``url``.</doc>
<msg timestamp="20220712 19:07:50.538" level="INFO">Opening browser 'Chrome' to base url 'https://www.vxcomunicacao.com.br'.</msg>
<status status="PASS" starttime="20220712 19:07:50.537" endtime="20220712 19:07:57.170"/>
</kw>
<kw name="Maximize Browser Window" library="SeleniumLibrary">
<doc>Maximizes current browser window.</doc>
<status status="PASS" starttime="20220712 19:07:57.170" endtime="20220712 19:07:57.386"/>
</kw>
<status status="PASS" starttime="20220712 19:07:50.537" endtime="20220712 19:07:57.386"/>
</kw>
<kw name="Clicar em &quot;Aceitar Cookies&quot;" library="VX">
<kw name="Sleep" library="BuiltIn">
<arg>5</arg>
<doc>Pauses the test executed for the given time.</doc>
<msg timestamp="20220712 19:08:02.404" level="INFO">Slept 5 seconds</msg>
<status status="PASS" starttime="20220712 19:07:57.390" endtime="20220712 19:08:02.404"/>
</kw>
<kw name="Select Frame" library="SeleniumLibrary">
<arg>${IFRAME_COOKIES}</arg>
<doc>Sets frame identified by ``locator`` as the current frame.</doc>
<msg timestamp="20220712 19:08:02.405" level="INFO">Selecting frame 'xpath=/html/body/div[2]'.</msg>
<msg timestamp="20220712 19:08:03.002" level="INFO" html="true">&lt;/td&gt;&lt;/tr&gt;&lt;tr&gt;&lt;td colspan="3"&gt;&lt;a href="selenium-screenshot-1.png"&gt;&lt;img src="selenium-screenshot-1.png" width="800px"&gt;&lt;/a&gt;</msg>
<msg timestamp="20220712 19:08:03.005" level="FAIL">NoSuchFrameException: Message: no such frame
  (Session info: chrome=103.0.5060.114)
Stacktrace:
Backtrace:
	Ordinal0 [0x006E6463+2188387]
	Ordinal0 [0x0067E461+1762401]
	Ordinal0 [0x00593C40+801856]
	Ordinal0 [0x00597230+815664]
	Ordinal0 [0x005EDF11+1171217]
	Ordinal0 [0x005DC7DC+1099740]
	Ordinal0 [0x005ECC22+1166370]
	Ordinal0 [0x005DC5F6+1099254]
	Ordinal0 [0x005B6BE0+945120]
	Ordinal0 [0x005B7AD6+948950]
	GetHandleVerifier [0x009871F2+2712546]
	GetHandleVerifier [0x0097886D+2652765]
	GetHandleVerifier [0x0077002A+520730]
	GetHandleVerifier [0x0076EE06+516086]
	Ordinal0 [0x0068468B+1787531]
	Ordinal0 [0x00688E88+1805960]
	Ordinal0 [0x00688F75+1806197]
	Ordinal0 [0x00691DF1+1842673]
	BaseThreadInitThunk [0x75D46739+25]
	RtlGetFullPathName_UEx [0x776D8FEF+1215]
	RtlGetFullPathName_UEx [0x776D8FBD+1165]
</msg>
<status status="FAIL" starttime="20220712 19:08:02.404" endtime="20220712 19:08:03.007"/>
</kw>
<kw name="Wait and Click" library="VX">
<arg>${BOTAO_COOKIES}</arg>
<status status="NOT RUN" starttime="20220712 19:08:03.007" endtime="20220712 19:08:03.008"/>
</kw>
<kw name="Unselect Frame" library="SeleniumLibrary">
<doc>Sets the main frame as the current frame.</doc>
<status status="NOT RUN" starttime="20220712 19:08:03.008" endtime="20220712 19:08:03.008"/>
</kw>
<status status="FAIL" starttime="20220712 19:07:57.388" endtime="20220712 19:08:03.008"/>
</kw>
<kw name="Close Browser" library="SeleniumLibrary" type="TEARDOWN">
<doc>Closes the current browser.</doc>
<status status="PASS" starttime="20220712 19:08:03.009" endtime="20220712 19:08:05.195"/>
</kw>
<status status="FAIL" starttime="20220712 19:07:50.535" endtime="20220712 19:08:05.197">NoSuchFrameException: Message: no such frame
  (Session info: chrome=103.0.5060.114)
Stacktrace:
Backtrace:
	Ordinal0 [0x006E6463+2188387]
	Ordinal0 [0x0067E461+1762401]
	Ordinal0 [0x00593C40+801856]
	Ordinal0 [0x00597230+815664]
	Ordinal0 [0x005EDF11+1171217]
	Ordinal0 [0x005DC7DC+1099740]
	Ordinal0 [0x005ECC22+1166370]
	Ordinal0 [0x005DC5F6+1099254]
	Ordinal0 [0x005B6BE0+945120]
	Ordinal0 [0x005B7AD6+948950]
	GetHandleVerifier [0x009871F2+2712546]
	GetHandleVerifier [0x0097886D+2652765]
	GetHandleVerifier [0x0077002A+520730]
	GetHandleVerifier [0x0076EE06+516086]
	Ordinal0 [0x0068468B+1787531]
	Ordinal0 [0x00688E88+1805960]
	Ordinal0 [0x00688F75+1806197]
	Ordinal0 [0x00691DF1+1842673]
	BaseThreadInitThunk [0x75D46739+25]
	RtlGetFullPathName_UEx [0x776D8FEF+1215]
	RtlGetFullPathName_UEx [0x776D8FBD+1165]
</status>
</test>
<status status="FAIL" starttime="20220712 19:07:50.258" endtime="20220712 19:08:05.206"/>
</suite>
<statistics>
<total>
<stat pass="0" fail="1" skip="0">All Tests</stat>
</total>
<tag>
</tag>
<suite>
<stat pass="0" fail="1" skip="0" id="s1" name="VX">VX</stat>
</suite>
</statistics>
<errors>
</errors>
</robot>
