<?xml version="1.0" encoding="UTF-8"?>
<robot generator="Robot 5.0.1 (Python 3.9.13 on win32)" generated="20220722 16:57:18.293" rpa="false" schemaversion="3">
<suite id="s1" name="Victor" source="C:\Users\leaov\OneDrive\Documents\Portfolio\testing\Testing-1\victor.robot">
<test id="s1-t1" name="Processo de compra na loja Sauce Demo" line="8">
<kw name="Acessar o site" library="victor">
<kw name="Open Browser" library="SeleniumLibrary">
<arg>${SITE}</arg>
<arg>${NAVEGADOR}</arg>
<doc>Opens a new browser instance to the optional ``url``.</doc>
<msg timestamp="20220722 16:57:18.477" level="INFO">Opening browser 'Chrome' to base url 'https://bugbank.netlify.app'.</msg>
<status status="PASS" starttime="20220722 16:57:18.477" endtime="20220722 16:57:21.151"/>
</kw>
<kw name="Maximize Browser Window" library="SeleniumLibrary">
<doc>Maximizes current browser window.</doc>
<status status="PASS" starttime="20220722 16:57:21.151" endtime="20220722 16:57:21.281"/>
</kw>
<status status="PASS" starttime="20220722 16:57:18.476" endtime="20220722 16:57:21.281"/>
</kw>
<kw name="Clicar em botao registro" library="victor">
<kw name="Click Element" library="SeleniumLibrary">
<arg>${BOTAO_REGISTRAR}</arg>
<doc>Click the element identified by ``locator``.</doc>
<msg timestamp="20220722 16:57:21.285" level="INFO">Clicking element 'xpath=//*[@id="__next"]/div[1]/div[2]/div/div[1]/form/div[3]/button[2]'.</msg>
<status status="PASS" starttime="20220722 16:57:21.284" endtime="20220722 16:57:21.340"/>
</kw>
<status status="PASS" starttime="20220722 16:57:21.282" endtime="20220722 16:57:21.340"/>
</kw>
<kw name="Fazer o registro de usuario" library="victor">
<kw name="Input Text" library="SeleniumLibrary">
<arg>${CAMPO_EMAIL}</arg>
<arg>${EMAIL}</arg>
<doc>Types the given ``text`` into the text field identified by ``locator``.</doc>
<msg timestamp="20220722 16:57:21.341" level="INFO">Typing text 'leaovic@gmail.com' into text field 'xpath=//*[@id="__next"]/div[1]/div[2]/div/div[2]/form/div[2]/input'.</msg>
<status status="PASS" starttime="20220722 16:57:21.341" endtime="20220722 16:57:21.477"/>
</kw>
<kw name="Input Text" library="SeleniumLibrary">
<arg>${CAMPO_NOME}</arg>
<arg>${NOME}</arg>
<doc>Types the given ``text`` into the text field identified by ``locator``.</doc>
<msg timestamp="20220722 16:57:21.477" level="INFO">Typing text 'Victor' into text field 'xpath=//*[@id="__next"]/div[1]/div[2]/div/div[2]/form/div[3]/input'.</msg>
<status status="PASS" starttime="20220722 16:57:21.477" endtime="20220722 16:57:21.538"/>
</kw>
<kw name="Input Text" library="SeleniumLibrary">
<arg>${CAMPO_SENHA}</arg>
<arg>${SENHA}</arg>
<doc>Types the given ``text`` into the text field identified by ``locator``.</doc>
<msg timestamp="20220722 16:57:21.539" level="INFO">Typing text '12345' into text field 'xpath=//*[@id="__next"]/div[1]/div[2]/div/div[2]/form/div[4]/div/input'.</msg>
<status status="PASS" starttime="20220722 16:57:21.539" endtime="20220722 16:57:21.601"/>
</kw>
<kw name="Input Text" library="SeleniumLibrary">
<arg>${CAMPO_RESENHA}</arg>
<arg>${RESENHA}</arg>
<doc>Types the given ``text`` into the text field identified by ``locator``.</doc>
<msg timestamp="20220722 16:57:21.602" level="INFO">Typing text '12345' into text field 'xpath=//*[@id="__next"]/div[1]/div[2]/div/div[2]/form/div[5]/div/input'.</msg>
<status status="PASS" starttime="20220722 16:57:21.601" endtime="20220722 16:57:21.662"/>
</kw>
<kw name="Click Element" library="SeleniumLibrary">
<arg>${BOTAO_CADASTRAR}</arg>
<doc>Click the element identified by ``locator``.</doc>
<msg timestamp="20220722 16:57:21.663" level="INFO">Clicking element 'xpath=//*[@id="__next"]/div[1]/div[2]/div/div[2]/form/button'.</msg>
<status status="PASS" starttime="20220722 16:57:21.663" endtime="20220722 16:57:21.704"/>
</kw>
<status status="PASS" starttime="20220722 16:57:21.341" endtime="20220722 16:57:21.706"/>
</kw>
<kw name="Close Browser" library="SeleniumLibrary" type="TEARDOWN">
<doc>Closes the current browser.</doc>
<status status="PASS" starttime="20220722 16:57:21.706" endtime="20220722 16:57:23.824"/>
</kw>
<status status="PASS" starttime="20220722 16:57:18.476" endtime="20220722 16:57:23.826"/>
</test>
<status status="PASS" starttime="20220722 16:57:18.294" endtime="20220722 16:57:23.830"/>
</suite>
<statistics>
<total>
<stat pass="1" fail="0" skip="0">All Tests</stat>
</total>
<tag>
</tag>
<suite>
<stat pass="1" fail="0" skip="0" id="s1" name="Victor">Victor</stat>
</suite>
</statistics>
<errors>
<msg timestamp="20220722 16:57:18.469" level="ERROR">Error in file 'C:\Users\leaov\OneDrive\Documents\Portfolio\testing\Testing-1\victor.robot' on line 3: Importing library 'AutoRecoder' failed: ModuleNotFoundError: No module named 'AutoRecoder'
Traceback (most recent call last):
  None
PYTHONPATH:
  C:\Users\leaov\AppData\Local\Programs\Python\Python39\Scripts\robot.exe
  C:\Users\leaov\AppData\Local\Programs\Python\Python39\python39.zip
  C:\Users\leaov\AppData\Local\Programs\Python\Python39\DLLs
  C:\Users\leaov\AppData\Local\Programs\Python\Python39\lib
  C:\Users\leaov\AppData\Local\Programs\Python\Python39
  C:\Users\leaov\AppData\Local\Programs\Python\Python39\lib\site-packages</msg>
</errors>
</robot>
